{"uid":"261aed392e6a50b4","name":"User clicks apply on a job listing after searching for 'test automation'","fullName":"Applying for a Job: User clicks apply on a job listing after searching for 'test automation'","historyId":"f35721456658c1d6dfad183b4bd91feb","time":{"start":1712616609444,"stop":1712616612031,"duration":2587},"status":"failed","statusMessage":"AssertionError: Expected URL to be https://www.comparethemarke.com/, but got https://www.comparethemarket.com/\n","statusTrace":"  File \"/opt/homebrew/lib/python3.9/site-packages/behave/model.py\", line 1329, in run\n    match.run(runner.context)\n  File \"/opt/homebrew/lib/python3.9/site-packages/behave/matchers.py\", line 98, in run\n    self.func(context, *args, **kwargs)\n  File \"features/feature_files/steps/fourthtest.py\", line 16, in step_user_is_on_home_page\n    assert expected_url in current_url, f\"Expected URL to be {expected_url}, but got {current_url}\"\n","flaky":false,"newFailed":false,"newBroken":false,"newPassed":false,"retriesCount":2,"retriesStatusChange":true,"beforeStages":[],"testStage":{"status":"failed","statusMessage":"AssertionError: Expected URL to be https://www.comparethemarke.com/, but got https://www.comparethemarket.com/\n","statusTrace":"  File \"/opt/homebrew/lib/python3.9/site-packages/behave/model.py\", line 1329, in run\n    match.run(runner.context)\n  File \"/opt/homebrew/lib/python3.9/site-packages/behave/matchers.py\", line 98, in run\n    self.func(context, *args, **kwargs)\n  File \"features/feature_files/steps/fourthtest.py\", line 16, in step_user_is_on_home_page\n    assert expected_url in current_url, f\"Expected URL to be {expected_url}, but got {current_url}\"\n","steps":[{"name":"Given the user is on the compare the market home page","time":{"start":1712616610024,"stop":1712616611961,"duration":1937},"status":"failed","statusMessage":"AssertionError: Expected URL to be https://www.comparethemarke.com/, but got https://www.comparethemarket.com/\n","statusTrace":"  File \"/opt/homebrew/lib/python3.9/site-packages/behave/model.py\", line 1329, in run\n    match.run(runner.context)\n  File \"/opt/homebrew/lib/python3.9/site-packages/behave/matchers.py\", line 98, in run\n    self.func(context, *args, **kwargs)\n  File \"features/feature_files/steps/fourthtest.py\", line 16, in step_user_is_on_home_page\n    assert expected_url in current_url, f\"Expected URL to be {expected_url}, but got {current_url}\"\n","steps":[],"attachments":[{"uid":"8d804648069668bc","name":"screenshot","source":"8d804648069668bc.png","type":"image/png","size":171229}],"parameters":[],"stepsCount":0,"hasContent":true,"shouldDisplayMessage":true,"attachmentsCount":1,"attachmentStep":false},{"name":"When the user searches for the registration \"WF18KZS\"","time":{"start":1712616612031,"stop":1712616612031,"duration":0},"status":"skipped","steps":[],"attachments":[],"parameters":[],"stepsCount":0,"hasContent":false,"shouldDisplayMessage":false,"attachmentsCount":0,"attachmentStep":false},{"name":"And the user clicks on find my vehicle button","time":{"start":1712616612031,"stop":1712616612031,"duration":0},"status":"skipped","steps":[],"attachments":[],"parameters":[],"stepsCount":0,"hasContent":false,"shouldDisplayMessage":false,"attachmentsCount":0,"attachmentStep":false},{"name":"Then the vehicle details page is opened","time":{"start":1712616612031,"stop":1712616612031,"duration":0},"status":"skipped","steps":[],"attachments":[],"parameters":[],"stepsCount":0,"hasContent":false,"shouldDisplayMessage":false,"attachmentsCount":0,"attachmentStep":false}],"attachments":[],"parameters":[],"stepsCount":4,"hasContent":true,"shouldDisplayMessage":false,"attachmentsCount":1,"attachmentStep":false},"afterStages":[],"labels":[{"name":"severity","value":"normal"},{"name":"feature","value":"Applying for a Job"},{"name":"framework","value":"behave"},{"name":"language","value":"cpython3"},{"name":"resultFormat","value":"allure2"}],"parameters":[],"links":[],"hidden":false,"retry":false,"extra":{"severity":"normal","retries":[{"uid":"49168eca9f8f7dd","status":"broken","statusDetails":"AttributeError: 'Context' object has no attribute 'embed'\n","time":{"start":1712616193966,"stop":1712616196699,"duration":2733}},{"uid":"c1954a7197864413","status":"passed","time":{"start":1712611775951,"stop":1712611782052,"duration":6101}}],"categories":[{"name":"Product defects","matchedStatuses":[],"flaky":false}],"tags":[]},"source":"261aed392e6a50b4.json","parameterValues":[]}